<?xml version="1.0" encoding="UTF-8"?>
<testng-results ignored="1" total="2" passed="1" failed="0" skipped="0">
  <reporter-output>
  </reporter-output>
  <suite started-at="2022-09-07T17:49:24 AEST" name="Default suite" finished-at="2022-09-07T17:53:57 AEST" duration-ms="273357">
    <groups>
    </groups>
    <test started-at="2022-09-07T17:49:24 AEST" name="Default test" finished-at="2022-09-07T17:53:57 AEST" duration-ms="273357">
      <class name="Test01_GET">
        <test-method signature="test_01()[pri:0, instance:Test01_GET@5403f35f]" started-at="2022-09-07T17:49:28 AEST" name="test_01" finished-at="2022-09-07T17:53:57 AEST" duration-ms="269634" status="PASS">
          <reporter-output>
          </reporter-output>
        </test-method> <!-- test_01 -->
      </class> <!-- Test01_GET -->
    </test> <!-- Default test -->
  </suite> <!-- Default suite -->
</testng-results>
